{"level":"info","message":"Processing account: basikle2005@gmail.com","timestamp":"2025-06-16T09:16:24.708Z"}
{"level":"info","message":"Logging in with email:","timestamp":"2025-06-16T09:16:24.712Z"}
{"level":"info","message":"Main site loaded, now trying login page...","timestamp":"2025-06-16T09:16:26.701Z"}
{"level":"info","message":"Login page loaded, checking for elements...","timestamp":"2025-06-16T09:16:31.645Z"}
{"level":"info","message":"Login form found","timestamp":"2025-06-16T09:16:31.689Z"}
{"level":"info","message":"Filled login form, clicking submit...","timestamp":"2025-06-16T09:16:32.753Z"}
{"level":"info","message":"Navigation timeout, but continuing...","timestamp":"2025-06-16T09:16:46.862Z"}
{"level":"info","message":"Login successful","timestamp":"2025-06-16T09:16:46.868Z"}
{"level":"info","message":"Processing account: basikle2005@gmail.com","timestamp":"2025-06-16T09:17:58.508Z"}
{"level":"info","message":"Logging in with email:","timestamp":"2025-06-16T09:17:58.510Z"}
{"level":"info","message":"Main site loaded, now trying login page...","timestamp":"2025-06-16T09:18:00.261Z"}
{"level":"info","message":"Login page loaded, checking for elements...","timestamp":"2025-06-16T09:18:05.197Z"}
{"level":"info","message":"Login form found","timestamp":"2025-06-16T09:18:05.226Z"}
{"level":"info","message":"Filled login form, clicking submit...","timestamp":"2025-06-16T09:18:06.257Z"}
{"level":"info","message":"Navigation timeout, but continuing...","timestamp":"2025-06-16T09:18:20.398Z"}
{"level":"info","message":"Login successful","timestamp":"2025-06-16T09:18:20.401Z"}
{"level":"error","message":"Error processing account basikle2005@gmail.com: product is not defined","stack":"ReferenceError: product is not defined\n    at YodobashiBot.monitorProducts (E:\\Documents\\Freelance\\bot-auto-buy\\services\\baseBot.js:92:22)\n    at YodobashiBot.run (E:\\Documents\\Freelance\\bot-auto-buy\\services\\baseBot.js:127:32)\n    at async main (E:\\Documents\\Freelance\\bot-auto-buy\\bot.js:41:9)","timestamp":"2025-06-16T09:18:20.402Z"}
{"level":"info","message":"Processing account: basikle2005@gmail.com","timestamp":"2025-06-16T09:18:20.673Z"}
{"level":"info","message":"Logging in with email:","timestamp":"2025-06-16T09:18:20.674Z"}
{"level":"info","message":"Main site loaded, now trying login page...","timestamp":"2025-06-16T09:18:22.461Z"}
{"level":"info","message":"Login page loaded, checking for elements...","timestamp":"2025-06-16T09:18:27.423Z"}
{"level":"info","message":"Login form found","timestamp":"2025-06-16T09:18:27.444Z"}
{"level":"info","message":"Filled login form, clicking submit...","timestamp":"2025-06-16T09:18:28.468Z"}
{"level":"info","message":"Navigation timeout, but continuing...","timestamp":"2025-06-16T09:18:42.125Z"}
{"level":"info","message":"Login successful","timestamp":"2025-06-16T09:18:42.127Z"}
{"level":"error","message":"Error processing account basikle2005@gmail.com: product is not defined","stack":"ReferenceError: product is not defined\n    at YodobashiBot.monitorProducts (E:\\Documents\\Freelance\\bot-auto-buy\\services\\baseBot.js:92:22)\n    at YodobashiBot.run (E:\\Documents\\Freelance\\bot-auto-buy\\services\\baseBot.js:127:32)\n    at async main (E:\\Documents\\Freelance\\bot-auto-buy\\bot.js:41:9)","timestamp":"2025-06-16T09:18:42.127Z"}
{"level":"info","message":"Processing account: basikle2005@gmail.com","timestamp":"2025-06-16T09:19:01.242Z"}
{"level":"info","message":"Logging in with email:","timestamp":"2025-06-16T09:19:01.245Z"}
{"level":"info","message":"Main site loaded, now trying login page...","timestamp":"2025-06-16T09:19:03.502Z"}
{"level":"info","message":"Login page loaded, checking for elements...","timestamp":"2025-06-16T09:19:08.561Z"}
{"level":"info","message":"Login form found","timestamp":"2025-06-16T09:19:08.600Z"}
{"level":"info","message":"Filled login form, clicking submit...","timestamp":"2025-06-16T09:19:09.657Z"}
{"level":"info","message":"Navigation timeout, but continuing...","timestamp":"2025-06-16T09:19:22.908Z"}
{"level":"info","message":"Login successful","timestamp":"2025-06-16T09:19:22.913Z"}
{"level":"error","message":"Error processing account basikle2005@gmail.com: product is not defined","stack":"ReferenceError: product is not defined\n    at YodobashiBot.monitorProducts (E:\\Documents\\Freelance\\bot-auto-buy\\services\\baseBot.js:92:22)\n    at YodobashiBot.run (E:\\Documents\\Freelance\\bot-auto-buy\\services\\baseBot.js:127:32)\n    at async main (E:\\Documents\\Freelance\\bot-auto-buy\\bot.js:41:9)","timestamp":"2025-06-16T09:19:25.028Z"}
{"level":"info","message":"Processing account: basikle2005@gmail.com","timestamp":"2025-06-16T09:20:00.811Z"}
{"level":"info","message":"Logging in with email:","timestamp":"2025-06-16T09:20:01.356Z"}
{"level":"info","message":"Main site loaded, now trying login page...","timestamp":"2025-06-16T09:20:03.598Z"}
{"level":"info","message":"Login page loaded, checking for elements...","timestamp":"2025-06-16T09:20:08.776Z"}
{"level":"info","message":"Login form found","timestamp":"2025-06-16T09:20:08.811Z"}
{"level":"info","message":"Filled login form, clicking submit...","timestamp":"2025-06-16T09:20:09.860Z"}
{"level":"info","message":"Navigation timeout, but continuing...","timestamp":"2025-06-16T09:20:22.691Z"}
{"level":"info","message":"Login successful","timestamp":"2025-06-16T09:20:22.697Z"}
{"level":"info","message":"Processing account: basikle2005@gmail.com","timestamp":"2025-06-16T09:22:12.874Z"}
{"level":"info","message":"Logging in with email:","timestamp":"2025-06-16T09:22:12.878Z"}
{"level":"info","message":"Main site loaded, now trying login page...","timestamp":"2025-06-16T09:22:15.445Z"}
{"level":"info","message":"Login page loaded, checking for elements...","timestamp":"2025-06-16T09:22:20.452Z"}
{"level":"info","message":"Login form found","timestamp":"2025-06-16T09:22:20.481Z"}
{"level":"info","message":"Filled login form, clicking submit...","timestamp":"2025-06-16T09:22:21.513Z"}
{"level":"info","message":"Navigation timeout, but continuing...","timestamp":"2025-06-16T09:22:33.930Z"}
{"level":"info","message":"Login successful","timestamp":"2025-06-16T09:22:33.934Z"}
{"level":"info","message":"Checking product with SKU:","timestamp":"2025-06-16T09:22:33.934Z"}
{"level":"info","message":"Fetching product info for SKU:","timestamp":"2025-06-16T09:22:33.935Z"}
{"brand":"DHC","deliveryInfo":"今から13時間と37分以内のご注文で、2025年6月17日火曜日までにお届け","level":"info","message":"Product info:","name":"持続型ビオチン 60粒入（60日分）","points":"69 ゴールドポイント（10％還元）","price":"687","rating":4.25,"reviewCount":88,"sku":"100000001006404769","stockStatus":"在庫あり","timestamp":"2025-06-16T09:22:36.558Z","url":"https://www.yodobashi.com/product/100000001006404769/"}
{"level":"info","message":"Product added to cart","timestamp":"2025-06-16T09:22:37.761Z"}
{"level":"error","message":"Error processing account basikle2005@gmail.com: product is not defined","stack":"ReferenceError: product is not defined\n    at YodobashiBot.monitorProducts (E:\\Documents\\Freelance\\bot-auto-buy\\services\\baseBot.js:98:53)\n    at runNextTicks (node:internal/process/task_queues:65:5)\n    at process.processImmediate (node:internal/timers:453:9)\n    at process.callbackTrampoline (node:internal/async_hooks:130:17)\n    at async YodobashiBot.run (E:\\Documents\\Freelance\\bot-auto-buy\\services\\baseBot.js:127:21)\n    at async main (E:\\Documents\\Freelance\\bot-auto-buy\\bot.js:41:9)","timestamp":"2025-06-16T09:22:37.762Z"}
{"level":"info","message":"Processing account: basikle2005@gmail.com","timestamp":"2025-06-16T09:22:38.060Z"}
{"level":"info","message":"Logging in with email:","timestamp":"2025-06-16T09:22:38.061Z"}
{"level":"info","message":"Main site loaded, now trying login page...","timestamp":"2025-06-16T09:22:40.083Z"}
{"level":"info","message":"Login page loaded, checking for elements...","timestamp":"2025-06-16T09:22:45.492Z"}
{"level":"info","message":"Login form found","timestamp":"2025-06-16T09:22:45.510Z"}
{"level":"info","message":"Filled login form, clicking submit...","timestamp":"2025-06-16T09:22:46.539Z"}
{"level":"info","message":"Navigation timeout, but continuing...","timestamp":"2025-06-16T09:22:59.206Z"}
{"level":"error","message":"Login error: page.evaluate: Target page, context or browser has been closed","stack":"page.evaluate: Target page, context or browser has been closed\n    at AuthService.checkLoginStatus (E:\\Documents\\Freelance\\bot-auto-buy\\services\\authService.js:74:32)\n    at AuthService.login (E:\\Documents\\Freelance\\bot-auto-buy\\services\\authService.js:59:43)\n    at async YodobashiBot.run (E:\\Documents\\Freelance\\bot-auto-buy\\services\\baseBot.js:120:42)\n    at async main (E:\\Documents\\Freelance\\bot-auto-buy\\bot.js:41:9)","timestamp":"2025-06-16T09:22:59.208Z"}
{"level":"error","message":"Failed to login with account: basikle2005@gmail.com","timestamp":"2025-06-16T09:22:59.208Z"}
{"level":"info","message":"Processing account: basikle2005@gmail.com","timestamp":"2025-06-16T09:23:12.579Z"}
{"level":"info","message":"Logging in with email:","timestamp":"2025-06-16T09:23:13.235Z"}
{"level":"info","message":"Main site loaded, now trying login page...","timestamp":"2025-06-16T09:23:14.988Z"}
{"level":"info","message":"Login page loaded, checking for elements...","timestamp":"2025-06-16T09:23:19.981Z"}
{"level":"info","message":"Login form found","timestamp":"2025-06-16T09:23:20.030Z"}
{"level":"info","message":"Filled login form, clicking submit...","timestamp":"2025-06-16T09:23:21.083Z"}
{"level":"info","message":"Navigation timeout, but continuing...","timestamp":"2025-06-16T09:23:34.134Z"}
{"level":"info","message":"Login successful","timestamp":"2025-06-16T09:23:34.141Z"}
{"level":"info","message":"Checking product with SKU:","timestamp":"2025-06-16T09:24:28.538Z"}
{"level":"info","message":"Fetching product info for SKU:","timestamp":"2025-06-16T09:24:28.539Z"}
{"brand":"DHC","deliveryInfo":"今から13時間と35分以内のご注文で、2025年6月17日火曜日までにお届け","level":"info","message":"Product info:","name":"持続型ビオチン 60粒入（60日分）","points":"69 ゴールドポイント（10％還元）","price":"687","rating":4.25,"reviewCount":88,"sku":"100000001006404769","stockStatus":"在庫あり","timestamp":"2025-06-16T09:24:31.255Z","url":"https://www.yodobashi.com/product/100000001006404769/"}
{"level":"info","message":"Product added to cart","timestamp":"2025-06-16T09:24:44.477Z"}
{"level":"error","message":"Error processing account basikle2005@gmail.com: product is not defined","stack":"ReferenceError: product is not defined\n    at YodobashiBot.monitorProducts (E:\\Documents\\Freelance\\bot-auto-buy\\services\\baseBot.js:98:53)\n    at async YodobashiBot.run (E:\\Documents\\Freelance\\bot-auto-buy\\services\\baseBot.js:127:21)\n    at async main (E:\\Documents\\Freelance\\bot-auto-buy\\bot.js:41:9)","timestamp":"2025-06-16T09:24:46.315Z"}
{"level":"info","message":"Processing account: basikle2005@gmail.com","timestamp":"2025-06-16T09:25:21.029Z"}
{"level":"info","message":"Logging in with email:","timestamp":"2025-06-16T09:25:21.032Z"}
{"level":"info","message":"Main site loaded, now trying login page...","timestamp":"2025-06-16T09:25:23.469Z"}
{"level":"info","message":"Login page loaded, checking for elements...","timestamp":"2025-06-16T09:25:29.041Z"}
{"level":"info","message":"Login form found","timestamp":"2025-06-16T09:25:29.072Z"}
{"level":"info","message":"Filled login form, clicking submit...","timestamp":"2025-06-16T09:25:30.124Z"}
{"level":"info","message":"Navigation timeout, but continuing...","timestamp":"2025-06-16T09:25:43.586Z"}
{"level":"info","message":"Login successful","timestamp":"2025-06-16T09:25:43.591Z"}
{"level":"info","message":"Processing account: basikle2005@gmail.com","timestamp":"2025-06-16T09:26:13.093Z"}
{"level":"info","message":"Logging in with email:","timestamp":"2025-06-16T09:26:13.096Z"}
{"level":"info","message":"Main site loaded, now trying login page...","timestamp":"2025-06-16T09:26:14.955Z"}
{"level":"info","message":"Login page loaded, checking for elements...","timestamp":"2025-06-16T09:26:19.960Z"}
{"level":"info","message":"Login form found","timestamp":"2025-06-16T09:26:20.006Z"}
{"level":"info","message":"Filled login form, clicking submit...","timestamp":"2025-06-16T09:26:21.083Z"}
{"level":"info","message":"Navigation timeout, but continuing...","timestamp":"2025-06-16T09:26:35.256Z"}
{"level":"info","message":"Login successful","timestamp":"2025-06-16T09:26:35.262Z"}
{"level":"info","message":"Checking product with SKU:","timestamp":"2025-06-16T09:26:58.219Z"}
{"level":"info","message":"Fetching product info for SKU:","timestamp":"2025-06-16T09:26:58.220Z"}
{"brand":"DHC","deliveryInfo":"今から13時間と32分以内のご注文で、2025年6月17日火曜日までにお届け","level":"info","message":"Product info:","name":"持続型ビオチン 60粒入（60日分）","points":"69 ゴールドポイント（10％還元）","price":"687","rating":4.25,"reviewCount":88,"sku":"100000001006404769","stockStatus":"在庫あり","timestamp":"2025-06-16T09:27:01.213Z","url":"https://www.yodobashi.com/product/100000001006404769/"}
{"level":"info","message":"Product added to cart","timestamp":"2025-06-16T09:27:11.733Z"}
{"level":"error","message":"Error processing account basikle2005@gmail.com: product is not defined","stack":"ReferenceError: product is not defined\n    at YodobashiBot.monitorProducts (E:\\Documents\\Freelance\\bot-auto-buy\\services\\baseBot.js:98:53)\n    at async YodobashiBot.run (E:\\Documents\\Freelance\\bot-auto-buy\\services\\baseBot.js:127:21)\n    at async main (E:\\Documents\\Freelance\\bot-auto-buy\\bot.js:41:9)","timestamp":"2025-06-16T09:27:32.323Z"}
{"level":"info","message":"Processing account: basikle2005@gmail.com","timestamp":"2025-06-16T09:28:55.199Z"}
{"level":"info","message":"Logging in with email:","timestamp":"2025-06-16T09:28:55.202Z"}
{"level":"info","message":"Main site loaded, now trying login page...","timestamp":"2025-06-16T09:28:57.225Z"}
{"level":"info","message":"Login page loaded, checking for elements...","timestamp":"2025-06-16T09:29:02.158Z"}
{"level":"info","message":"Login form found","timestamp":"2025-06-16T09:29:02.183Z"}
{"level":"info","message":"Filled login form, clicking submit...","timestamp":"2025-06-16T09:29:03.217Z"}
{"level":"info","message":"Navigation timeout, but continuing...","timestamp":"2025-06-16T09:29:17.367Z"}
{"level":"info","message":"Login successful","timestamp":"2025-06-16T09:29:17.370Z"}
{"level":"info","message":"Checking product with SKU:","timestamp":"2025-06-16T09:29:17.370Z"}
{"level":"info","message":"Fetching product info for SKU:","timestamp":"2025-06-16T09:29:17.371Z"}
{"brand":"DHC","deliveryInfo":"今から13時間と30分以内のご注文で、2025年6月17日火曜日までにお届け","level":"info","message":"Product info:","name":"持続型ビオチン 60粒入（60日分）","points":"69 ゴールドポイント（10％還元）","price":"687","rating":4.25,"reviewCount":88,"sku":"100000001006404769","stockStatus":"在庫あり","timestamp":"2025-06-16T09:29:20.065Z","url":"https://www.yodobashi.com/product/100000001006404769/"}
{"level":"info","message":"Product added to cart","timestamp":"2025-06-16T09:29:21.422Z"}
{"level":"info","message":"Checkout completed","timestamp":"2025-06-16T09:29:34.411Z"}
{"level":"info","message":"Order logged successfully","timestamp":"2025-06-16T09:29:34.427Z"}
{"level":"info","message":"Checking product with SKU:","timestamp":"2025-06-16T09:29:34.427Z"}
{"level":"info","message":"Fetching product info for SKU:","timestamp":"2025-06-16T09:29:34.427Z"}
{"brand":"大塚食品","deliveryInfo":"入荷予定あり","level":"info","message":"Product info:","name":"マンナンヒカリ 業務用 1kg","points":"173 ゴールドポイント（10％還元）","price":"1,730","rating":4.25,"reviewCount":42,"sku":"100000001004518517","stockStatus":"","timestamp":"2025-06-16T09:29:36.833Z","url":"https://www.yodobashi.com/product/100000001004518517/"}
{"level":"info","message":"Product added to cart","timestamp":"2025-06-16T09:29:38.232Z"}
{"level":"info","message":"Checkout completed","timestamp":"2025-06-16T09:29:50.007Z"}
{"level":"info","message":"Order logged successfully","timestamp":"2025-06-16T09:29:50.014Z"}
{"level":"info","message":"Logging out...","timestamp":"2025-06-16T09:29:50.015Z"}
{"level":"info","message":"Logout successful","timestamp":"2025-06-16T09:29:52.509Z"}
{"level":"info","message":"Processing account: basikle2005@gmail.com","timestamp":"2025-06-16T09:29:52.975Z"}
{"level":"info","message":"Logging in with email:","timestamp":"2025-06-16T09:29:52.976Z"}
{"level":"info","message":"Main site loaded, now trying login page...","timestamp":"2025-06-16T09:29:54.786Z"}
{"level":"info","message":"Login page loaded, checking for elements...","timestamp":"2025-06-16T09:29:59.769Z"}
{"level":"info","message":"Login form found","timestamp":"2025-06-16T09:29:59.787Z"}
{"level":"info","message":"Filled login form, clicking submit...","timestamp":"2025-06-16T09:30:00.810Z"}
{"level":"info","message":"Navigation timeout, but continuing...","timestamp":"2025-06-16T09:30:13.828Z"}
{"level":"info","message":"Login successful","timestamp":"2025-06-16T09:30:13.831Z"}
{"level":"info","message":"Checking product with SKU:","timestamp":"2025-06-16T09:30:13.831Z"}
{"level":"info","message":"Fetching product info for SKU:","timestamp":"2025-06-16T09:30:13.836Z"}
{"brand":"大塚食品","deliveryInfo":"入荷予定あり","level":"info","message":"Product info:","name":"マンナンヒカリ 業務用 1kg","points":"173 ゴールドポイント（10％還元）","price":"1,730","rating":4.25,"reviewCount":42,"sku":"100000001004518517","stockStatus":"","timestamp":"2025-06-16T09:30:15.974Z","url":"https://www.yodobashi.com/product/100000001004518517/"}
{"level":"info","message":"Product added to cart","timestamp":"2025-06-16T09:30:17.386Z"}
{"level":"info","message":"Checkout completed","timestamp":"2025-06-16T09:30:35.309Z"}
{"level":"info","message":"Order logged successfully","timestamp":"2025-06-16T09:30:35.314Z"}
{"level":"info","message":"Logging out...","timestamp":"2025-06-16T09:30:35.315Z"}
{"level":"info","message":"Logout successful","timestamp":"2025-06-16T09:30:37.784Z"}
{"level":"info","message":"Processing account: basikle2005@gmail.com","timestamp":"2025-06-16T09:31:46.052Z"}
{"level":"info","message":"Logging in with email:","timestamp":"2025-06-16T09:31:47.716Z"}
{"level":"info","message":"Main site loaded, now trying login page...","timestamp":"2025-06-16T09:31:50.165Z"}
{"level":"info","message":"Login page loaded, checking for elements...","timestamp":"2025-06-16T09:31:55.255Z"}
{"level":"info","message":"Login form found","timestamp":"2025-06-16T09:31:55.291Z"}
{"level":"info","message":"Filled login form, clicking submit...","timestamp":"2025-06-16T09:31:56.333Z"}
{"level":"info","message":"Navigation timeout, but continuing...","timestamp":"2025-06-16T09:32:09.376Z"}
{"level":"info","message":"Login successful","timestamp":"2025-06-16T09:32:09.382Z"}
{"level":"info","message":"Checking product with SKU:","timestamp":"2025-06-16T09:32:23.819Z"}
{"level":"info","message":"Fetching product info for SKU:","timestamp":"2025-06-16T09:32:23.820Z"}
{"brand":"DHC","deliveryInfo":"今から13時間と27分以内のご注文で、2025年6月17日火曜日までにお届け","level":"info","message":"Product info:","name":"持続型ビオチン 60粒入（60日分）","points":"69 ゴールドポイント（10％還元）","price":"687","rating":4.25,"reviewCount":88,"sku":"100000001006404769","stockStatus":"在庫あり","timestamp":"2025-06-16T09:32:27.080Z","url":"https://www.yodobashi.com/product/100000001006404769/"}
{"level":"info","message":"Product added to cart","timestamp":"2025-06-16T09:32:32.585Z"}
{"level":"info","message":"Checkout completed","timestamp":"2025-06-16T09:33:11.186Z"}
{"level":"info","message":"Order logged successfully","timestamp":"2025-06-16T09:33:16.376Z"}
{"level":"info","message":"Checking product with SKU:","timestamp":"2025-06-16T09:33:17.778Z"}
{"level":"info","message":"Fetching product info for SKU:","timestamp":"2025-06-16T09:33:17.779Z"}
{"brand":"大塚食品","deliveryInfo":"入荷予定あり","level":"info","message":"Product info:","name":"マンナンヒカリ 業務用 1kg","points":"173 ゴールドポイント（10％還元）","price":"1,730","rating":4.25,"reviewCount":42,"sku":"100000001004518517","stockStatus":"","timestamp":"2025-06-16T09:33:21.389Z","url":"https://www.yodobashi.com/product/100000001004518517/"}
{"level":"info","message":"Product added to cart","timestamp":"2025-06-16T09:33:23.816Z"}
{"level":"info","message":"Checkout completed","timestamp":"2025-06-16T09:33:40.506Z"}
{"level":"info","message":"Order logged successfully","timestamp":"2025-06-16T09:33:45.153Z"}
{"level":"info","message":"Processing account: basikle2005@gmail.com","timestamp":"2025-06-16T09:33:52.434Z"}
{"level":"info","message":"Logging in with email:","timestamp":"2025-06-16T09:33:53.058Z"}
{"level":"info","message":"Main site loaded, now trying login page...","timestamp":"2025-06-16T09:33:55.125Z"}
{"level":"info","message":"Login page loaded, checking for elements...","timestamp":"2025-06-16T09:34:00.305Z"}
{"level":"info","message":"Login form found","timestamp":"2025-06-16T09:34:00.334Z"}
{"level":"info","message":"Filled login form, clicking submit...","timestamp":"2025-06-16T09:34:01.386Z"}
{"level":"info","message":"Navigation timeout, but continuing...","timestamp":"2025-06-16T09:34:14.777Z"}
{"level":"info","message":"Login successful","timestamp":"2025-06-16T09:34:14.782Z"}
{"level":"info","message":"Checking product with SKU:","timestamp":"2025-06-16T09:34:26.931Z"}
{"level":"info","message":"Fetching product info for SKU:","timestamp":"2025-06-16T09:34:26.931Z"}
{"brand":"大塚食品","deliveryInfo":"入荷予定あり","level":"info","message":"Product info:","name":"マンナンヒカリ 業務用 1kg","points":"173 ゴールドポイント（10％還元）","price":"1,730","rating":4.25,"reviewCount":42,"sku":"100000001004518517","stockStatus":"","timestamp":"2025-06-16T09:34:29.680Z","url":"https://www.yodobashi.com/product/100000001004518517/"}
{"level":"info","message":"Product added to cart","timestamp":"2025-06-16T09:34:37.698Z"}
{"level":"info","message":"Checkout completed","timestamp":"2025-06-16T09:35:13.003Z"}
{"level":"info","message":"Order logged successfully","timestamp":"2025-06-16T09:35:17.240Z"}
{"level":"info","message":"Processing account: basikle2005@gmail.com","timestamp":"2025-06-16T09:46:43.162Z"}
{"level":"info","message":"Processing account: basikle2005@gmail.com","timestamp":"2025-06-16T09:52:35.233Z"}
{"level":"info","message":"Logging in to BicCamera...","timestamp":"2025-06-16T09:52:42.521Z"}
{"level":"error","message":"Login error: page.click: Timeout 60000ms exceeded.\nCall log:\n\u001b[2m  - waiting for locator('.login-button')\u001b[22m\n","name":"TimeoutError","stack":"page.click: Timeout 60000ms exceeded.\nCall log:\n\u001b[2m  - waiting for locator('.login-button')\u001b[22m\n\n    at BicCameraAuthService.login (E:\\Documents\\Freelance\\bot-auto-buy\\services\\bicCameraAuthService.js:19:29)\n    at async BicCameraBot.run (E:\\Documents\\Freelance\\bot-auto-buy\\services\\baseBot.js:120:42)\n    at async main (E:\\Documents\\Freelance\\bot-auto-buy\\bicCameraBot.js:41:9)","timestamp":"2025-06-16T09:54:35.570Z"}
{"level":"error","message":"Failed to login with account: basikle2005@gmail.com","timestamp":"2025-06-16T09:54:47.882Z"}
{"level":"info","message":"Processing account: basikle2005@gmail.com","timestamp":"2025-06-16T10:08:43.723Z"}
{"level":"info","message":"Logging in to BicCamera...","timestamp":"2025-06-16T10:08:47.161Z"}
{"level":"info","message":"Main site loaded, now trying login page...","timestamp":"2025-06-16T10:08:54.689Z"}
{"level":"info","message":"Login page loaded, checking for elements...","timestamp":"2025-06-16T10:09:31.192Z"}
{"level":"info","message":"Processing account: basikle2005@gmail.com","timestamp":"2025-06-16T10:10:39.637Z"}
{"level":"info","message":"Logging in to BicCamera...","timestamp":"2025-06-16T10:10:41.098Z"}
{"level":"info","message":"Main site loaded, now trying login page...","timestamp":"2025-06-16T10:10:42.806Z"}
{"level":"info","message":"Login page loaded, checking for elements...","timestamp":"2025-06-16T10:10:47.176Z"}
{"level":"info","message":"Processing account: basikle2005@gmail.com","timestamp":"2025-06-16T10:11:22.514Z"}
{"level":"info","message":"Logging in to BicCamera...","timestamp":"2025-06-16T10:11:23.625Z"}
{"level":"info","message":"Main site loaded, now trying login page...","timestamp":"2025-06-16T10:11:26.818Z"}
{"level":"info","message":"Login page loaded, checking for elements...","timestamp":"2025-06-16T10:11:32.417Z"}
{"level":"info","message":"Processing account: basikle2005@gmail.com","timestamp":"2025-06-16T10:11:49.353Z"}
{"level":"info","message":"Logging in to BicCamera...","timestamp":"2025-06-16T10:11:50.337Z"}
{"level":"info","message":"Main site loaded, now trying login page...","timestamp":"2025-06-16T10:11:53.849Z"}
{"level":"info","message":"Login page loaded, checking for elements...","timestamp":"2025-06-16T10:11:58.808Z"}
{"level":"info","message":"Processing account: lehoai200598@gmail.com","timestamp":"2025-06-16T10:16:47.780Z"}
{"level":"info","message":"Logging in to BicCamera...","timestamp":"2025-06-16T10:16:49.072Z"}
{"level":"info","message":"Main site loaded, now trying login page...","timestamp":"2025-06-16T10:16:50.696Z"}
{"level":"info","message":"Login page loaded, checking for elements...","timestamp":"2025-06-16T10:16:58.032Z"}
{"level":"warn","message":"Navigation timeout, but continuing...","timestamp":"2025-06-16T10:17:25.904Z"}
{"level":"info","message":"Processing account: lehoai200598@gmail.com","timestamp":"2025-06-16T10:22:38.046Z"}
{"level":"info","message":"Logging in to BicCamera...","timestamp":"2025-06-16T10:22:39.040Z"}
{"level":"info","message":"Main site loaded, now trying login page...","timestamp":"2025-06-16T10:22:41.280Z"}
{"level":"info","message":"Login page loaded, checking for elements...","timestamp":"2025-06-16T10:22:45.711Z"}
{"level":"info","message":"CAPTCHA found, solving...","timestamp":"2025-06-16T10:23:02.615Z"}
{"level":"info","message":"Processing account: lehoai200598@gmail.com","timestamp":"2025-06-16T10:24:32.439Z"}
{"level":"info","message":"Logging in to BicCamera...","timestamp":"2025-06-16T10:24:33.616Z"}
{"level":"info","message":"Main site loaded, now trying login page...","timestamp":"2025-06-16T10:24:37.938Z"}
{"level":"info","message":"Login page loaded, checking for elements...","timestamp":"2025-06-16T10:24:42.392Z"}
{"level":"info","message":"Processing account: lehoai200598@gmail.com","timestamp":"2025-06-16T10:25:17.641Z"}
{"level":"info","message":"Logging in to BicCamera...","timestamp":"2025-06-16T10:25:18.760Z"}
{"level":"info","message":"Main site loaded, now trying login page...","timestamp":"2025-06-16T10:25:24.256Z"}
{"level":"info","message":"Login page loaded, checking for elements...","timestamp":"2025-06-16T10:25:32.487Z"}
{"level":"error","message":"Login error: page.$: Target page, context or browser has been closed","stack":"page.$: Target page, context or browser has been closed\n    at BicCameraAuthService.login (E:\\Documents\\Freelance\\bot-auto-buy\\services\\bicCameraAuthService.js:39:52)\n    at async BicCameraBot.run (E:\\Documents\\Freelance\\bot-auto-buy\\services\\baseBot.js:120:42)\n    at async main (E:\\Documents\\Freelance\\bot-auto-buy\\bicCameraBot.js:41:9)","timestamp":"2025-06-16T10:25:53.032Z"}
{"level":"error","message":"Failed to login with account: lehoai200598@gmail.com","timestamp":"2025-06-16T10:25:53.033Z"}
{"level":"info","message":"Processing account: lehoai200598@gmail.com","timestamp":"2025-06-16T10:25:58.019Z"}
{"level":"info","message":"Logging in to BicCamera...","timestamp":"2025-06-16T10:25:58.719Z"}
{"level":"info","message":"Main site loaded, now trying login page...","timestamp":"2025-06-16T10:26:00.408Z"}
{"level":"info","message":"Login page loaded, checking for elements...","timestamp":"2025-06-16T10:26:05.239Z"}
{"level":"info","message":"Processing account: lehoai200598@gmail.com","timestamp":"2025-06-16T10:26:46.015Z"}
{"level":"info","message":"Logging in to BicCamera...","timestamp":"2025-06-16T10:26:46.855Z"}
{"level":"info","message":"Main site loaded, now trying login page...","timestamp":"2025-06-16T10:26:48.666Z"}
{"level":"info","message":"Login page loaded, checking for elements...","timestamp":"2025-06-16T10:26:52.838Z"}
{"level":"error","message":"Login error: page.$: Execution context was destroyed, most likely because of a navigation","name":"Error","stack":"page.$: Execution context was destroyed, most likely because of a navigation\n    at BicCameraAuthService.login (E:\\Documents\\Freelance\\bot-auto-buy\\services\\bicCameraAuthService.js:39:52)\n    at async BicCameraBot.run (E:\\Documents\\Freelance\\bot-auto-buy\\services\\baseBot.js:120:42)\n    at async main (E:\\Documents\\Freelance\\bot-auto-buy\\bicCameraBot.js:41:9)","timestamp":"2025-06-16T10:28:00.833Z"}
{"level":"error","message":"Failed to login with account: lehoai200598@gmail.com","timestamp":"2025-06-16T10:28:00.834Z"}
{"level":"info","message":"Processing account: lehoai200598@gmail.com","timestamp":"2025-06-16T10:28:07.686Z"}
{"level":"info","message":"Logging in to BicCamera...","timestamp":"2025-06-16T10:28:11.848Z"}
{"level":"info","message":"Main site loaded, now trying login page...","timestamp":"2025-06-16T10:28:14.160Z"}
{"level":"info","message":"Login page loaded, checking for elements...","timestamp":"2025-06-16T10:28:21.025Z"}
{"level":"info","message":"Processing account: lehoai200598@gmail.com","timestamp":"2025-06-16T10:31:16.399Z"}
{"level":"info","message":"Logging in to BicCamera...","timestamp":"2025-06-16T10:31:17.627Z"}
{"level":"info","message":"Main site loaded, now trying login page...","timestamp":"2025-06-16T10:31:20.810Z"}
{"level":"info","message":"Login page loaded, checking for elements...","timestamp":"2025-06-16T10:31:27.330Z"}
{"level":"info","message":"Processing account: lehoai200598@gmail.com","timestamp":"2025-06-16T10:34:27.354Z"}
{"level":"info","message":"Logging in to BicCamera...","timestamp":"2025-06-16T10:34:28.314Z"}
{"level":"info","message":"Main site loaded, now trying login page...","timestamp":"2025-06-16T10:34:30.321Z"}
{"level":"info","message":"Login page loaded, checking for elements...","timestamp":"2025-06-16T10:34:37.154Z"}
{"level":"info","message":"Processing account: lehoai200598@gmail.com","timestamp":"2025-06-16T10:35:02.599Z"}
{"level":"info","message":"Logging in to BicCamera...","timestamp":"2025-06-16T10:35:05.417Z"}
{"level":"info","message":"Processing account: lehoai200598@gmail.com","timestamp":"2025-06-16T10:36:15.737Z"}
{"level":"info","message":"Logging in to BicCamera...","timestamp":"2025-06-16T10:36:18.378Z"}
{"level":"info","message":"Main site loaded, now trying login page...","timestamp":"2025-06-16T10:36:21.461Z"}
{"level":"info","message":"Login page loaded, checking for elements...","timestamp":"2025-06-16T10:36:28.498Z"}
{"level":"info","message":"Processing account: lehoai200598@gmail.com","timestamp":"2025-06-16T10:37:13.807Z"}
{"level":"info","message":"Logging in to BicCamera...","timestamp":"2025-06-16T10:37:14.770Z"}
{"level":"info","message":"Main site loaded, now trying login page...","timestamp":"2025-06-16T10:37:16.873Z"}
{"level":"info","message":"Login page loaded, checking for elements...","timestamp":"2025-06-16T10:37:23.937Z"}
{"level":"error","message":"Login error: page.waitForTimeout: Target page, context or browser has been closed","stack":"page.waitForTimeout: Target page, context or browser has been closed\n    at BicCameraAuthService.login (E:\\Documents\\Freelance\\bot-auto-buy\\services\\bicCameraAuthService.js:34:29)\n    at async BicCameraBot.run (E:\\Documents\\Freelance\\bot-auto-buy\\services\\baseBot.js:120:42)\n    at async main (E:\\Documents\\Freelance\\bot-auto-buy\\bicCameraBot.js:41:9)","timestamp":"2025-06-16T10:38:42.106Z"}
{"level":"error","message":"Failed to login with account: lehoai200598@gmail.com","timestamp":"2025-06-16T10:38:42.107Z"}
{"level":"info","message":"Processing account: lehoai200598@gmail.com","timestamp":"2025-06-16T10:38:50.240Z"}
{"level":"info","message":"Logging in to BicCamera...","timestamp":"2025-06-16T10:38:54.353Z"}
{"level":"info","message":"Main site loaded, now trying login page...","timestamp":"2025-06-16T10:38:56.145Z"}
{"level":"info","message":"Login page loaded, checking for elements...","timestamp":"2025-06-16T10:39:04.794Z"}
{"level":"info","message":"Processing account: lehoai200598@gmail.com","timestamp":"2025-06-16T10:43:19.744Z"}
{"level":"info","message":"Logging in to BicCamera...","timestamp":"2025-06-16T10:43:22.425Z"}
{"level":"info","message":"Browser context setup completed","timestamp":"2025-06-16T10:43:23.821Z"}
{"level":"info","message":"Main site loaded, now trying login page...","timestamp":"2025-06-16T10:43:24.729Z"}
{"level":"info","message":"Login page loaded, checking for elements...","timestamp":"2025-06-16T10:43:31.809Z"}
{"level":"info","message":"Initializing bot...","timestamp":"2025-06-16T10:49:37.372Z"}
{"level":"info","message":"Initializing bot...","timestamp":"2025-06-16T10:49:54.943Z"}
{"level":"info","message":"Initializing bot...","timestamp":"2025-06-16T10:50:18.992Z"}
{"level":"info","message":"Initializing bot...","timestamp":"2025-06-16T10:50:40.763Z"}
{"level":"info","message":"Processing account: lehoai200598@gmail.com","timestamp":"2025-06-16T10:52:32.889Z"}
{"level":"info","message":"Logging in to BicCamera...","timestamp":"2025-06-16T10:52:32.891Z"}
{"level":"info","message":"Main site loaded, now trying login page...","timestamp":"2025-06-16T10:52:35.342Z"}
{"level":"info","message":"Browser context setup completed","timestamp":"2025-06-16T10:52:36.848Z"}
{"level":"info","message":"Login page loaded, checking for elements...","timestamp":"2025-06-16T10:52:42.880Z"}
{"level":"error","message":"Login error: page.click: Target page, context or browser has been closed\nCall log:\n\u001b[2m  - waiting for locator('#TMP-BTN-1')\u001b[22m\n","stack":"page.click: Target page, context or browser has been closed\nCall log:\n\u001b[2m  - waiting for locator('#TMP-BTN-1')\u001b[22m\n\n    at BicCameraAuthService.login (E:\\Documents\\Freelance\\bot-auto-buy\\services\\bicCameraAuthService.js:78:29)\n    at async BicCameraBot.run (E:\\Documents\\Freelance\\bot-auto-buy\\services\\baseBot.js:120:42)\n    at async main (E:\\Documents\\Freelance\\bot-auto-buy\\bicCameraBot.js:41:9)","timestamp":"2025-06-16T10:52:47.509Z"}
{"level":"error","message":"Failed to login with account: lehoai200598@gmail.com","timestamp":"2025-06-16T10:52:47.510Z"}
{"level":"info","message":"Processing account: lehoai200598@gmail.com","timestamp":"2025-06-16T10:53:16.922Z"}
{"level":"info","message":"Logging in to BicCamera...","timestamp":"2025-06-16T10:53:18.353Z"}
{"level":"info","message":"Browser context setup completed","timestamp":"2025-06-16T10:53:20.632Z"}
{"level":"info","message":"Main site loaded, now trying login page...","timestamp":"2025-06-16T10:53:21.624Z"}
{"level":"info","message":"Login page loaded, checking for elements...","timestamp":"2025-06-16T10:53:28.752Z"}
{"level":"error","message":"Login error: page.$: Execution context was destroyed, most likely because of a navigation","name":"Error","stack":"page.$: Execution context was destroyed, most likely because of a navigation\n    at BicCameraAuthService.login (E:\\Documents\\Freelance\\bot-auto-buy\\services\\bicCameraAuthService.js:71:52)\n    at async BicCameraBot.run (E:\\Documents\\Freelance\\bot-auto-buy\\services\\baseBot.js:120:42)\n    at async main (E:\\Documents\\Freelance\\bot-auto-buy\\bicCameraBot.js:41:9)","timestamp":"2025-06-16T10:55:40.333Z"}
{"level":"error","message":"Failed to login with account: lehoai200598@gmail.com","timestamp":"2025-06-16T10:55:40.334Z"}
{"level":"info","message":"Initializing browser...","timestamp":"2025-06-16T10:55:50.057Z"}
{"level":"error","message":"Error processing account lehoai200598@gmail.com: this.authServiceClass is not a constructor","stack":"TypeError: this.authServiceClass is not a constructor\n    at BicCameraBot.initialize (E:\\Documents\\Freelance\\bot-auto-buy\\services\\baseBot.js:28:28)\n    at async BicCameraBot.initialize (E:\\Documents\\Freelance\\bot-auto-buy\\bicCameraBot.js:14:9)\n    at async BicCameraBot.run (E:\\Documents\\Freelance\\bot-auto-buy\\services\\baseBot.js:94:21)\n    at async main (E:\\Documents\\Freelance\\bot-auto-buy\\bicCameraBot.js:41:9)","timestamp":"2025-06-16T10:55:55.888Z"}
{"level":"info","message":"Processing account: lehoai200598@gmail.com","timestamp":"2025-06-16T10:56:10.080Z"}
{"level":"info","message":"Logging in to BicCamera...","timestamp":"2025-06-16T10:56:11.039Z"}
{"level":"info","message":"Browser context setup completed","timestamp":"2025-06-16T10:56:12.237Z"}
{"level":"info","message":"Main site loaded, now trying login page...","timestamp":"2025-06-16T10:56:12.743Z"}
{"level":"info","message":"Login page loaded, checking for elements...","timestamp":"2025-06-17T03:17:49.590Z"}
{"level":"error","message":"Login error: page.fill: Target page, context or browser has been closed\nCall log:\n\u001b[2m  - waiting for locator('input[type=\"text\"]:nth-of-type(1)')\u001b[22m\n","stack":"page.fill: Target page, context or browser has been closed\nCall log:\n\u001b[2m  - waiting for locator('input[type=\"text\"]:nth-of-type(1)')\u001b[22m\n\n    at BicCameraAuthService.login (E:\\Documents\\Freelance\\bot-auto-buy\\services\\bicCameraAuthService.js:62:29)\n    at async BicCameraBot.run (E:\\Documents\\Freelance\\bot-auto-buy\\services\\baseBot.js:120:42)\n    at async main (E:\\Documents\\Freelance\\bot-auto-buy\\bicCameraBot.js:41:9)","timestamp":"2025-06-17T03:17:49.633Z"}
{"level":"error","message":"Failed to login with account: lehoai200598@gmail.com","timestamp":"2025-06-17T03:17:49.635Z"}
{"level":"info","message":"Processing account: lehoai200598@gmail.com","timestamp":"2025-06-17T03:22:32.416Z"}
{"level":"info","message":"Logging in to BicCamera...","timestamp":"2025-06-17T03:22:33.999Z"}
{"level":"info","message":"Browser context setup completed","timestamp":"2025-06-17T03:22:35.942Z"}
{"level":"info","message":"Main site loaded, now trying login page...","timestamp":"2025-06-17T03:22:39.591Z"}
{"level":"info","message":"Login page loaded, checking for elements...","timestamp":"2025-06-17T03:22:50.591Z"}
{"level":"error","message":"Login error: page.fill: Target page, context or browser has been closed\nCall log:\n\u001b[2m  - waiting for locator('input[type=\"password\"]:nth-of-type(1)')\u001b[22m\n","stack":"page.fill: Target page, context or browser has been closed\nCall log:\n\u001b[2m  - waiting for locator('input[type=\"password\"]:nth-of-type(1)')\u001b[22m\n\n    at BicCameraAuthService.login (E:\\Documents\\Freelance\\bot-auto-buy\\services\\bicCameraAuthService.js:64:29)\n    at async BicCameraBot.run (E:\\Documents\\Freelance\\bot-auto-buy\\services\\baseBot.js:120:42)\n    at async main (E:\\Documents\\Freelance\\bot-auto-buy\\bicCameraBot.js:41:9)","timestamp":"2025-06-17T03:23:05.198Z"}
{"level":"error","message":"Failed to login with account: lehoai200598@gmail.com","timestamp":"2025-06-17T03:23:05.199Z"}
{"level":"info","message":"Processing account: lehoai200598@gmail.com","timestamp":"2025-06-17T03:32:35.871Z"}
{"level":"info","message":"Logging in to BicCamera...","timestamp":"2025-06-17T03:32:37.046Z"}
{"level":"info","message":"Browser context setup completed","timestamp":"2025-06-17T03:32:38.519Z"}
{"level":"info","message":"Processing account: lehoai200598@gmail.com","timestamp":"2025-06-17T03:40:50.398Z"}
{"level":"info","message":"Logging in to BicCamera...","timestamp":"2025-06-17T03:40:51.686Z"}
{"level":"info","message":"Browser context setup completed","timestamp":"2025-06-17T03:40:53.192Z"}
{"level":"info","message":"Main site loaded, now trying login page...","timestamp":"2025-06-17T03:40:54.981Z"}
{"level":"info","message":"Login page loaded, checking for elements...","timestamp":"2025-06-17T03:41:03.862Z"}
{"level":"info","message":"Processing account: lehoai200598@gmail.com","timestamp":"2025-06-17T03:53:48.078Z"}
{"level":"info","message":"Logging in to BicCamera...","timestamp":"2025-06-17T03:53:48.892Z"}
{"level":"info","message":"Browser context setup completed","timestamp":"2025-06-17T03:53:50.277Z"}
{"level":"info","message":"Main site loaded, now trying login page...","timestamp":"2025-06-17T03:53:51.996Z"}
{"level":"error","message":"Login error: page.goto: Timeout 30000ms exceeded.\nCall log:\n\u001b[2m  - navigating to \"https://www.biccamera.com/bc/member/CSfLogin.jsp\", waiting until \"domcontentloaded\"\u001b[22m\n","name":"TimeoutError","stack":"page.goto: Timeout 30000ms exceeded.\nCall log:\n\u001b[2m  - navigating to \"https://www.biccamera.com/bc/member/CSfLogin.jsp\", waiting until \"domcontentloaded\"\u001b[22m\n\n    at BicCameraAuthService.login (E:\\Documents\\Freelance\\bot-auto-buy\\services\\bicCameraAuthService.js:53:29)\n    at async BicCameraBot.run (E:\\Documents\\Freelance\\bot-auto-buy\\services\\baseBot.js:121:42)\n    at async main (E:\\Documents\\Freelance\\bot-auto-buy\\bicCameraBot.js:41:9)","timestamp":"2025-06-17T03:54:41.380Z"}
{"level":"error","message":"Failed to login with account: lehoai200598@gmail.com","timestamp":"2025-06-17T03:54:45.604Z"}
{"level":"info","message":"Processing account: lehoai200598@gmail.com","timestamp":"2025-06-17T03:54:56.909Z"}
{"level":"info","message":"Logging in to BicCamera...","timestamp":"2025-06-17T03:54:57.580Z"}
{"level":"info","message":"Browser context setup completed","timestamp":"2025-06-17T03:54:58.881Z"}
{"level":"info","message":"Main site loaded, now trying login page...","timestamp":"2025-06-17T03:55:02.468Z"}
{"level":"info","message":"Processing account: basikle2005@gmail.com","timestamp":"2025-06-17T03:56:07.853Z"}
{"level":"info","message":"Logging in with email:","timestamp":"2025-06-17T03:56:07.855Z"}
{"level":"info","message":"Main site loaded, now trying login page...","timestamp":"2025-06-17T03:56:10.643Z"}
{"level":"info","message":"Login page loaded, checking for elements...","timestamp":"2025-06-17T03:56:13.676Z"}
{"level":"info","message":"Login form found","timestamp":"2025-06-17T03:56:13.714Z"}
{"level":"info","message":"Filled login form, clicking submit...","timestamp":"2025-06-17T03:56:14.740Z"}
{"level":"info","message":"Navigation timeout, but continuing...","timestamp":"2025-06-17T03:56:19.241Z"}
{"level":"info","message":"Login successful","timestamp":"2025-06-17T03:56:19.245Z"}
{"level":"info","message":"Checking product with SKU:","timestamp":"2025-06-17T03:56:19.245Z"}
{"level":"info","message":"Fetching product info for SKU:","timestamp":"2025-06-17T03:56:19.246Z"}
{"brand":"DHC","deliveryInfo":"今から19時間と3分以内のご注文で、2025年6月18日水曜日までにお届け","level":"info","message":"Product info:","name":"持続型ビオチン 60粒入（60日分）","points":"69 ゴールドポイント（10％還元）","price":"687","rating":4.25,"reviewCount":88,"sku":"100000001006404769","stockStatus":"在庫残少 ご注文はお早めに！","timestamp":"2025-06-17T03:56:22.309Z","url":"https://www.yodobashi.com/product/100000001006404769/"}
{"level":"info","message":"Product added to cart","timestamp":"2025-06-17T03:56:23.866Z"}
{"level":"info","message":"Checkout completed","timestamp":"2025-06-17T03:56:36.886Z"}
{"level":"info","message":"Order logged successfully","timestamp":"2025-06-17T03:56:36.911Z"}
{"level":"info","message":"Checking product with SKU:","timestamp":"2025-06-17T03:56:36.911Z"}
{"level":"info","message":"Fetching product info for SKU:","timestamp":"2025-06-17T03:56:36.912Z"}
{"brand":"大塚食品","deliveryInfo":"","level":"info","message":"Product info:","name":"マンナンヒカリ 業務用 1kg","points":"173 ゴールドポイント（10％還元）","price":"1,730","rating":4.25,"reviewCount":42,"sku":"100000001004518517","stockStatus":"","timestamp":"2025-06-17T03:56:39.828Z","url":"https://www.yodobashi.com/product/100000001004518517/"}
{"level":"info","message":"Product added to cart","timestamp":"2025-06-17T03:56:41.416Z"}
{"level":"info","message":"Checkout completed","timestamp":"2025-06-17T03:56:54.560Z"}
{"level":"info","message":"Order logged successfully","timestamp":"2025-06-17T03:56:54.566Z"}
{"level":"info","message":"Processing account: basikle2005@gmail.com","timestamp":"2025-06-17T03:56:55.025Z"}
{"level":"info","message":"Logging in with email:","timestamp":"2025-06-17T03:56:55.025Z"}
{"level":"info","message":"Main site loaded, now trying login page...","timestamp":"2025-06-17T03:56:56.924Z"}
{"level":"info","message":"Login page loaded, checking for elements...","timestamp":"2025-06-17T03:56:59.965Z"}
{"level":"info","message":"Login form found","timestamp":"2025-06-17T03:57:00.003Z"}
{"level":"info","message":"Filled login form, clicking submit...","timestamp":"2025-06-17T03:57:01.030Z"}
{"level":"info","message":"Navigation timeout, but continuing...","timestamp":"2025-06-17T03:57:05.259Z"}
{"level":"info","message":"Login successful","timestamp":"2025-06-17T03:57:05.261Z"}
{"level":"info","message":"Checking product with SKU:","timestamp":"2025-06-17T03:57:05.262Z"}
{"level":"info","message":"Fetching product info for SKU:","timestamp":"2025-06-17T03:57:05.262Z"}
{"brand":"大塚食品","deliveryInfo":"","level":"info","message":"Product info:","name":"マンナンヒカリ 業務用 1kg","points":"173 ゴールドポイント（10％還元）","price":"1,730","rating":4.25,"reviewCount":42,"sku":"100000001004518517","stockStatus":"","timestamp":"2025-06-17T03:57:07.793Z","url":"https://www.yodobashi.com/product/100000001004518517/"}
{"level":"info","message":"Product added to cart","timestamp":"2025-06-17T03:57:09.726Z"}
{"level":"info","message":"Checkout completed","timestamp":"2025-06-17T03:57:27.504Z"}
{"level":"info","message":"Order logged successfully","timestamp":"2025-06-17T03:57:27.514Z"}
{"level":"info","message":"Processing account: basikle2005@gmail.com","timestamp":"2025-06-17T04:08:26.530Z"}
{"level":"info","message":"Logging in with email:","timestamp":"2025-06-17T04:08:26.533Z"}
{"level":"info","message":"Main site loaded, now trying login page...","timestamp":"2025-06-17T04:08:28.444Z"}
{"level":"info","message":"Login page loaded, checking for elements...","timestamp":"2025-06-17T04:08:31.471Z"}
{"level":"info","message":"Login form found","timestamp":"2025-06-17T04:08:31.513Z"}
{"level":"info","message":"Filled login form, clicking submit...","timestamp":"2025-06-17T04:08:32.550Z"}
{"level":"info","message":"Navigation timeout, but continuing...","timestamp":"2025-06-17T04:08:36.568Z"}
{"level":"info","message":"Login successful","timestamp":"2025-06-17T04:08:36.571Z"}
{"level":"info","message":"Checking product with SKU:","timestamp":"2025-06-17T04:08:36.572Z"}
{"level":"info","message":"Fetching product info for SKU:","timestamp":"2025-06-17T04:08:36.572Z"}
{"brand":"DHC","deliveryInfo":"今から18時間と51分以内のご注文で、2025年6月18日水曜日までにお届け","level":"info","message":"Product info:","name":"持続型ビオチン 60粒入（60日分）","points":"69 ゴールドポイント（10％還元）","price":"687","rating":4.25,"reviewCount":88,"sku":"100000001006404769","stockStatus":"在庫残少 ご注文はお早めに！","timestamp":"2025-06-17T04:08:39.278Z","url":"https://www.yodobashi.com/product/100000001006404769/"}
{"level":"info","message":"Product added to cart","timestamp":"2025-06-17T04:08:40.500Z"}
{"level":"info","message":"Checkout completed","timestamp":"2025-06-17T04:08:53.918Z"}
{"level":"info","message":"Order logged successfully","timestamp":"2025-06-17T04:08:53.939Z"}
{"level":"info","message":"Checking product with SKU:","timestamp":"2025-06-17T04:08:53.940Z"}
{"level":"info","message":"Fetching product info for SKU:","timestamp":"2025-06-17T04:08:53.940Z"}
{"brand":"大塚食品","deliveryInfo":"","level":"info","message":"Product info:","name":"マンナンヒカリ 業務用 1kg","points":"173 ゴールドポイント（10％還元）","price":"1,730","rating":4.25,"reviewCount":42,"sku":"100000001004518517","stockStatus":"","timestamp":"2025-06-17T04:08:56.515Z","url":"https://www.yodobashi.com/product/100000001004518517/"}
{"level":"info","message":"Product added to cart","timestamp":"2025-06-17T04:08:57.740Z"}
{"level":"info","message":"Checkout completed","timestamp":"2025-06-17T04:09:10.189Z"}
{"level":"info","message":"Order logged successfully","timestamp":"2025-06-17T04:09:10.197Z"}
{"level":"info","message":"Processing account: basikle2005@gmail.com","timestamp":"2025-06-17T04:09:10.663Z"}
{"level":"info","message":"Logging in with email:","timestamp":"2025-06-17T04:09:10.663Z"}
{"level":"info","message":"Main site loaded, now trying login page...","timestamp":"2025-06-17T04:09:12.849Z"}
{"level":"info","message":"Login page loaded, checking for elements...","timestamp":"2025-06-17T04:09:15.813Z"}
{"level":"info","message":"Login form found","timestamp":"2025-06-17T04:09:15.832Z"}
{"level":"info","message":"Filled login form, clicking submit...","timestamp":"2025-06-17T04:09:16.852Z"}
{"level":"info","message":"Navigation timeout, but continuing...","timestamp":"2025-06-17T04:09:29.153Z"}
{"level":"info","message":"Login successful","timestamp":"2025-06-17T04:09:29.155Z"}
{"level":"info","message":"Checking product with SKU:","timestamp":"2025-06-17T04:09:29.155Z"}
{"level":"info","message":"Fetching product info for SKU:","timestamp":"2025-06-17T04:09:29.156Z"}
{"brand":"大塚食品","deliveryInfo":"","level":"info","message":"Product info:","name":"マンナンヒカリ 業務用 1kg","points":"173 ゴールドポイント（10％還元）","price":"1,730","rating":4.25,"reviewCount":42,"sku":"100000001004518517","stockStatus":"","timestamp":"2025-06-17T04:09:31.836Z","url":"https://www.yodobashi.com/product/100000001004518517/"}
{"level":"info","message":"Product added to cart","timestamp":"2025-06-17T04:09:33.202Z"}
{"level":"info","message":"Checkout completed","timestamp":"2025-06-17T04:09:45.864Z"}
{"level":"info","message":"Order logged successfully","timestamp":"2025-06-17T04:09:45.870Z"}
{"level":"info","message":"Processing account: basikle2005@gmail.com","timestamp":"2025-06-22T17:24:38.952Z"}
{"level":"info","message":"Logging in with email:","timestamp":"2025-06-22T17:24:38.954Z"}
{"level":"error","message":"Login error: page.goto: Target page, context or browser has been closed\nCall log:\n\u001b[2m  - navigating to \"https://www.yodobashi.com/\", waiting until \"domcontentloaded\"\u001b[22m\n","stack":"page.goto: Target page, context or browser has been closed\nCall log:\n\u001b[2m  - navigating to \"https://www.yodobashi.com/\", waiting until \"domcontentloaded\"\u001b[22m\n\n    at AuthService.login (E:\\Documents\\Freelance\\bot-auto-buy\\services\\yodobashiBot\\authService.js:13:29)\n    at YodobashiBot.run (E:\\Documents\\Freelance\\bot-auto-buy\\services\\baseBot.js:120:65)\n    at async main (E:\\Documents\\Freelance\\bot-auto-buy\\yodobashiBot.js:47:9)","timestamp":"2025-06-22T17:24:40.668Z"}
{"level":"error","message":"Failed to login with account: basikle2005@gmail.com","timestamp":"2025-06-22T17:24:40.669Z"}
{"level":"info","message":"Processing account: sangthanh19980502@gmail.com","timestamp":"2025-06-22T17:25:26.823Z"}
{"level":"info","message":"Logging in to Rakuten with email:","timestamp":"2025-06-22T17:25:26.825Z"}
{"level":"info","message":"Rakuten main page loaded, looking for login button...","timestamp":"2025-06-22T17:25:30.369Z"}
{"level":"info","message":"Login form submitted, waiting for navigation...","timestamp":"2025-06-22T17:25:33.480Z"}
{"level":"info","message":"Navigation completed after login","timestamp":"2025-06-22T17:25:33.715Z"}
{"level":"info","message":"Login successful","timestamp":"2025-06-22T17:25:34.732Z"}
{"level":"info","message":"Checking product at URL: https://item.rakuten.co.jp/drink-market/f16-760/","timestamp":"2025-06-22T17:25:34.732Z"}
{"level":"info","message":"Found product name with selector: .normal_reserve_item_name","timestamp":"2025-06-22T17:25:39.122Z"}
{"level":"info","message":"Found product price with selector: .value--1oSD_","timestamp":"2025-06-22T17:25:39.130Z"}
{"level":"info","message":"Found add to cart button with selector: text=\"かごに追加\"","timestamp":"2025-06-22T17:25:39.149Z"}
{"availability":"In Stock","isAvailable":true,"level":"info","message":"Product info:","name":"コカコーラ い・ろ・は・す(いろはす I LOHAS) 2Lペットボトル×6本入 メーカー直送｜全国送料無料 いろはす ミネラルウォーター 2l 水 コーラ","price":"1,698","timestamp":"2025-06-22T17:25:39.149Z"}
{"level":"info","message":"Product is available: コカコーラ い・ろ・は・す(いろはす I LOHAS) 2Lペットボトル×6本入 メーカー直送｜全国送料無料 いろはす ミネラルウォーター 2l 水 コーラ","timestamp":"2025-06-22T17:25:39.149Z"}
{"level":"info","message":"Attempting to add product to cart...","timestamp":"2025-06-22T17:25:39.149Z"}
{"level":"info","message":"Found 2nd add to cart button with selector: text=\"購入手続きへ\"","timestamp":"2025-06-22T17:25:39.168Z"}
{"level":"info","message":"Add to cart button clicked","timestamp":"2025-06-22T17:25:40.698Z"}
{"level":"info","message":"Product added to cart successfully","timestamp":"2025-06-22T17:25:41.707Z"}
{"level":"info","message":"Starting checkout process...","timestamp":"2025-06-22T17:25:41.707Z"}
{"level":"info","message":"Found checkout button with selector: input[value*=\"ご購入手続き\"]","timestamp":"2025-06-22T17:25:42.879Z"}
{"level":"info","message":"Checkout button clicked","timestamp":"2025-06-22T17:25:43.310Z"}
{"level":"info","message":"Found confirm order button with selector: input[value*=\"注文を確定する\"]","timestamp":"2025-06-22T17:25:53.083Z"}
{"level":"info","message":"Order confirmed","timestamp":"2025-06-22T17:25:53.897Z"}
{"level":"info","message":"Checkout completed successfully","timestamp":"2025-06-22T17:25:53.897Z"}
{"level":"info","message":"Order logged successfully","timestamp":"2025-06-22T17:25:53.909Z"}
{"level":"info","message":"Checking product at URL: https://item.rakuten.co.jp/drink-market/s15-25/","timestamp":"2025-06-22T17:25:53.909Z"}
{"level":"info","message":"Found product name with selector: .normal_reserve_item_name","timestamp":"2025-06-22T17:25:57.336Z"}
{"level":"info","message":"Found product price with selector: .value--1oSD_","timestamp":"2025-06-22T17:25:57.364Z"}
{"level":"info","message":"Found add to cart button with selector: text=\"かごに追加\"","timestamp":"2025-06-22T17:25:57.393Z"}
{"availability":"In Stock","isAvailable":true,"level":"info","message":"Product info:","name":"コカコーラ コカコーラ社製品 選べる2ケースセット 500mlペットボトル×48(24×2)本入(一部、410ml～560mlPETを含む) メーカー直送｜全国送料無料 いろはす コーラゼロ アクエリアス ファンタ 爽健美茶","price":"4,608","timestamp":"2025-06-22T17:25:57.394Z"}
{"level":"info","message":"Product is available: コカコーラ コカコーラ社製品 選べる2ケースセット 500mlペットボトル×48(24×2)本入(一部、410ml～560mlPETを含む) メーカー直送｜全国送料無料 いろはす コーラゼロ アクエリアス ファンタ 爽健美茶","timestamp":"2025-06-22T17:25:57.394Z"}
{"level":"info","message":"Attempting to add product to cart...","timestamp":"2025-06-22T17:25:57.394Z"}
{"level":"info","message":"Found 2nd add to cart button with selector: text=\"購入手続きへ\"","timestamp":"2025-06-22T17:25:57.425Z"}
{"level":"info","message":"Add to cart button clicked","timestamp":"2025-06-22T17:25:58.440Z"}
{"level":"info","message":"Product added to cart successfully","timestamp":"2025-06-22T17:25:59.441Z"}
{"level":"info","message":"Starting checkout process...","timestamp":"2025-06-22T17:25:59.441Z"}
{"level":"info","message":"Found checkout button with selector: input[value*=\"ご購入手続き\"]","timestamp":"2025-06-22T17:26:00.467Z"}
{"level":"info","message":"Checkout button clicked","timestamp":"2025-06-22T17:26:00.896Z"}
{"level":"info","message":"Found confirm order button with selector: input[value*=\"注文を確定する\"]","timestamp":"2025-06-22T17:26:09.161Z"}
{"level":"info","message":"Order confirmed","timestamp":"2025-06-22T17:26:09.998Z"}
{"level":"info","message":"Checkout completed successfully","timestamp":"2025-06-22T17:26:09.998Z"}
{"level":"info","message":"Order logged successfully","timestamp":"2025-06-22T17:26:10.005Z"}
